16-Aug-2018 12:56:47.564 SEVERE [jenkins.util.Timer [#4]] hudson.util.DoubleLaunchChecker.execute Collision detected. timestamp=1534418671000, expected=1534415807000
16-Aug-2018 13:45:17.772 INFO [main] org.apache.catalina.startup.VersionLoggerListener.log Server version:        Apache Tomcat/8.5.32
16-Aug-2018 13:45:17.787 INFO [main] org.apache.catalina.startup.VersionLoggerListener.log Server built:          Jun 20 2018 19:50:35 UTC
16-Aug-2018 13:45:17.787 INFO [main] org.apache.catalina.startup.VersionLoggerListener.log Server number:         8.5.32.0
16-Aug-2018 13:45:17.788 INFO [main] org.apache.catalina.startup.VersionLoggerListener.log OS Name:               Linux
16-Aug-2018 13:45:17.788 INFO [main] org.apache.catalina.startup.VersionLoggerListener.log OS Version:            4.15.0-30-generic
16-Aug-2018 13:45:17.788 INFO [main] org.apache.catalina.startup.VersionLoggerListener.log Architecture:          amd64
16-Aug-2018 13:45:17.788 INFO [main] org.apache.catalina.startup.VersionLoggerListener.log Java Home:             /usr/lib/jvm/java-8-oracle/jre
16-Aug-2018 13:45:17.789 INFO [main] org.apache.catalina.startup.VersionLoggerListener.log JVM Version:           1.8.0_181-b13
16-Aug-2018 13:45:17.789 INFO [main] org.apache.catalina.startup.VersionLoggerListener.log JVM Vendor:            Oracle Corporation
16-Aug-2018 13:45:17.789 INFO [main] org.apache.catalina.startup.VersionLoggerListener.log CATALINA_BASE:         /home/lucifer/tomcat
16-Aug-2018 13:45:17.789 INFO [main] org.apache.catalina.startup.VersionLoggerListener.log CATALINA_HOME:         /home/lucifer/tomcat
16-Aug-2018 13:45:17.790 INFO [main] org.apache.catalina.startup.VersionLoggerListener.log Command line argument: -Djava.util.logging.config.file=/home/lucifer/tomcat/conf/logging.properties
16-Aug-2018 13:45:17.791 INFO [main] org.apache.catalina.startup.VersionLoggerListener.log Command line argument: -Djava.util.logging.manager=org.apache.juli.ClassLoaderLogManager
16-Aug-2018 13:45:17.791 INFO [main] org.apache.catalina.startup.VersionLoggerListener.log Command line argument: -Djdk.tls.ephemeralDHKeySize=2048
16-Aug-2018 13:45:17.792 INFO [main] org.apache.catalina.startup.VersionLoggerListener.log Command line argument: -Djava.protocol.handler.pkgs=org.apache.catalina.webresources
16-Aug-2018 13:45:17.792 INFO [main] org.apache.catalina.startup.VersionLoggerListener.log Command line argument: -Dorg.apache.catalina.security.SecurityListener.UMASK=0027
16-Aug-2018 13:45:17.792 INFO [main] org.apache.catalina.startup.VersionLoggerListener.log Command line argument: -Dignore.endorsed.dirs=
16-Aug-2018 13:45:17.793 INFO [main] org.apache.catalina.startup.VersionLoggerListener.log Command line argument: -Dcatalina.base=/home/lucifer/tomcat
16-Aug-2018 13:45:17.793 INFO [main] org.apache.catalina.startup.VersionLoggerListener.log Command line argument: -Dcatalina.home=/home/lucifer/tomcat
16-Aug-2018 13:45:17.793 INFO [main] org.apache.catalina.startup.VersionLoggerListener.log Command line argument: -Djava.io.tmpdir=/home/lucifer/tomcat/temp
16-Aug-2018 13:45:17.794 INFO [main] org.apache.catalina.core.AprLifecycleListener.lifecycleEvent The APR based Apache Tomcat Native library which allows optimal performance in production environments was not found on the java.library.path: [/usr/java/packages/lib/amd64:/usr/lib64:/lib64:/lib:/usr/lib]
16-Aug-2018 13:45:18.123 INFO [main] org.apache.coyote.AbstractProtocol.init Initializing ProtocolHandler ["http-nio-8080"]
16-Aug-2018 13:45:18.143 SEVERE [main] org.apache.catalina.core.StandardService.initInternal Failed to initialize connector [Connector[HTTP/1.1-8080]]
 org.apache.catalina.LifecycleException: Failed to initialize component [Connector[HTTP/1.1-8080]]
	at org.apache.catalina.util.LifecycleBase.init(LifecycleBase.java:112)
	at org.apache.catalina.core.StandardService.initInternal(StandardService.java:549)
	at org.apache.catalina.util.LifecycleBase.init(LifecycleBase.java:107)
	at org.apache.catalina.core.StandardServer.initInternal(StandardServer.java:875)
	at org.apache.catalina.util.LifecycleBase.init(LifecycleBase.java:107)
	at org.apache.catalina.startup.Catalina.load(Catalina.java:632)
	at org.apache.catalina.startup.Catalina.load(Catalina.java:655)
	at sun.reflect.NativeMethodAccessorImpl.invoke0(Native Method)
	at sun.reflect.NativeMethodAccessorImpl.invoke(NativeMethodAccessorImpl.java:62)
	at sun.reflect.DelegatingMethodAccessorImpl.invoke(DelegatingMethodAccessorImpl.java:43)
	at java.lang.reflect.Method.invoke(Method.java:498)
	at org.apache.catalina.startup.Bootstrap.load(Bootstrap.java:309)
	at org.apache.catalina.startup.Bootstrap.main(Bootstrap.java:492)
Caused by: org.apache.catalina.LifecycleException: Protocol handler initialization failed
	at org.apache.catalina.connector.Connector.initInternal(Connector.java:995)
	at org.apache.catalina.util.LifecycleBase.init(LifecycleBase.java:107)
	... 12 more
Caused by: java.net.BindException: Address already in use
	at sun.nio.ch.Net.bind0(Native Method)
	at sun.nio.ch.Net.bind(Net.java:433)
	at sun.nio.ch.Net.bind(Net.java:425)
	at sun.nio.ch.ServerSocketChannelImpl.bind(ServerSocketChannelImpl.java:223)
	at sun.nio.ch.ServerSocketAdaptor.bind(ServerSocketAdaptor.java:74)
	at org.apache.tomcat.util.net.NioEndpoint.bind(NioEndpoint.java:210)
	at org.apache.tomcat.util.net.AbstractEndpoint.init(AbstractEndpoint.java:1086)
	at org.apache.tomcat.util.net.AbstractJsseEndpoint.init(AbstractJsseEndpoint.java:268)
	at org.apache.coyote.AbstractProtocol.init(AbstractProtocol.java:581)
	at org.apache.coyote.http11.AbstractHttp11Protocol.init(AbstractHttp11Protocol.java:68)
	at org.apache.catalina.connector.Connector.initInternal(Connector.java:993)
	... 13 more

16-Aug-2018 13:45:18.147 INFO [main] org.apache.coyote.AbstractProtocol.init Initializing ProtocolHandler ["ajp-nio-8009"]
16-Aug-2018 13:45:18.151 SEVERE [main] org.apache.catalina.core.StandardService.initInternal Failed to initialize connector [Connector[AJP/1.3-8009]]
 org.apache.catalina.LifecycleException: Failed to initialize component [Connector[AJP/1.3-8009]]
	at org.apache.catalina.util.LifecycleBase.init(LifecycleBase.java:112)
	at org.apache.catalina.core.StandardService.initInternal(StandardService.java:549)
	at org.apache.catalina.util.LifecycleBase.init(LifecycleBase.java:107)
	at org.apache.catalina.core.StandardServer.initInternal(StandardServer.java:875)
	at org.apache.catalina.util.LifecycleBase.init(LifecycleBase.java:107)
	at org.apache.catalina.startup.Catalina.load(Catalina.java:632)
	at org.apache.catalina.startup.Catalina.load(Catalina.java:655)
	at sun.reflect.NativeMethodAccessorImpl.invoke0(Native Method)
	at sun.reflect.NativeMethodAccessorImpl.invoke(NativeMethodAccessorImpl.java:62)
	at sun.reflect.DelegatingMethodAccessorImpl.invoke(DelegatingMethodAccessorImpl.java:43)
	at java.lang.reflect.Method.invoke(Method.java:498)
	at org.apache.catalina.startup.Bootstrap.load(Bootstrap.java:309)
	at org.apache.catalina.startup.Bootstrap.main(Bootstrap.java:492)
Caused by: org.apache.catalina.LifecycleException: Protocol handler initialization failed
	at org.apache.catalina.connector.Connector.initInternal(Connector.java:995)
	at org.apache.catalina.util.LifecycleBase.init(LifecycleBase.java:107)
	... 12 more
Caused by: java.net.BindException: Address already in use
	at sun.nio.ch.Net.bind0(Native Method)
	at sun.nio.ch.Net.bind(Net.java:433)
	at sun.nio.ch.Net.bind(Net.java:425)
	at sun.nio.ch.ServerSocketChannelImpl.bind(ServerSocketChannelImpl.java:223)
	at sun.nio.ch.ServerSocketAdaptor.bind(ServerSocketAdaptor.java:74)
	at org.apache.tomcat.util.net.NioEndpoint.bind(NioEndpoint.java:210)
	at org.apache.tomcat.util.net.AbstractEndpoint.init(AbstractEndpoint.java:1086)
	at org.apache.tomcat.util.net.AbstractJsseEndpoint.init(AbstractJsseEndpoint.java:268)
	at org.apache.coyote.AbstractProtocol.init(AbstractProtocol.java:581)
	at org.apache.catalina.connector.Connector.initInternal(Connector.java:993)
	... 13 more

16-Aug-2018 13:45:18.152 INFO [main] org.apache.catalina.startup.Catalina.load Initialization processed in 974 ms
16-Aug-2018 13:45:18.199 INFO [main] org.apache.catalina.core.StandardService.startInternal Starting service [Catalina]
16-Aug-2018 13:45:18.199 INFO [main] org.apache.catalina.core.StandardEngine.startInternal Starting Servlet Engine: Apache Tomcat/8.5.32
16-Aug-2018 13:45:18.237 INFO [localhost-startStop-1] org.apache.catalina.startup.HostConfig.deployWAR Deploying web application archive [/home/lucifer/tomcat/webapps/webapp.war]
16-Aug-2018 13:45:18.713 INFO [localhost-startStop-1] org.apache.catalina.startup.HostConfig.deployWAR Deployment of web application archive [/home/lucifer/tomcat/webapps/webapp.war] has finished in [474] ms
16-Aug-2018 13:45:18.716 INFO [localhost-startStop-1] org.apache.catalina.startup.HostConfig.deployWAR Deploying web application archive [/home/lucifer/tomcat/webapps/jenkins.war]
16-Aug-2018 13:45:22.565 INFO [localhost-startStop-1] org.apache.jasper.servlet.TldScanner.scanJars At least one JAR was scanned for TLDs yet contained no TLDs. Enable debug logging for this logger for a complete list of JARs that were scanned but no TLDs were found in them. Skipping unneeded JARs during scanning can improve startup time and JSP compilation time.
16-Aug-2018 13:45:23.373 INFO [localhost-startStop-1] org.apache.catalina.startup.HostConfig.deployWAR Deployment of web application archive [/home/lucifer/tomcat/webapps/jenkins.war] has finished in [4,657] ms
16-Aug-2018 13:45:23.392 INFO [localhost-startStop-1] org.apache.catalina.startup.HostConfig.deployDirectory Deploying web application directory [/home/lucifer/tomcat/webapps/host-manager]
16-Aug-2018 13:45:23.457 INFO [localhost-startStop-1] org.apache.catalina.startup.HostConfig.deployDirectory Deployment of web application directory [/home/lucifer/tomcat/webapps/host-manager] has finished in [65] ms
16-Aug-2018 13:45:23.457 INFO [localhost-startStop-1] org.apache.catalina.startup.HostConfig.deployDirectory Deploying web application directory [/home/lucifer/tomcat/webapps/docs]
16-Aug-2018 13:45:23.471 INFO [localhost-startStop-1] org.apache.catalina.startup.HostConfig.deployDirectory Deployment of web application directory [/home/lucifer/tomcat/webapps/docs] has finished in [14] ms
16-Aug-2018 13:45:23.472 INFO [localhost-startStop-1] org.apache.catalina.startup.HostConfig.deployDirectory Deploying web application directory [/home/lucifer/tomcat/webapps/ROOT]
16-Aug-2018 13:45:23.493 INFO [localhost-startStop-1] org.apache.catalina.startup.HostConfig.deployDirectory Deployment of web application directory [/home/lucifer/tomcat/webapps/ROOT] has finished in [22] ms
16-Aug-2018 13:45:23.493 INFO [localhost-startStop-1] org.apache.catalina.startup.HostConfig.deployDirectory Deploying web application directory [/home/lucifer/tomcat/webapps/examples]
16-Aug-2018 13:45:23.913 INFO [localhost-startStop-1] org.apache.catalina.startup.HostConfig.deployDirectory Deployment of web application directory [/home/lucifer/tomcat/webapps/examples] has finished in [420] ms
16-Aug-2018 13:45:23.913 INFO [localhost-startStop-1] org.apache.catalina.startup.HostConfig.deployDirectory Deploying web application directory [/home/lucifer/tomcat/webapps/manager]
16-Aug-2018 13:45:23.969 INFO [localhost-startStop-1] org.apache.catalina.startup.HostConfig.deployDirectory Deployment of web application directory [/home/lucifer/tomcat/webapps/manager] has finished in [56] ms
16-Aug-2018 13:45:23.996 INFO [main] org.apache.catalina.startup.Catalina.start Server startup in 5842 ms
16-Aug-2018 13:45:23.997 SEVERE [main] org.apache.catalina.core.StandardServer.await StandardServer.await: create[localhost:8005]: 
 java.net.BindException: Address already in use (Bind failed)
	at java.net.PlainSocketImpl.socketBind(Native Method)
	at java.net.AbstractPlainSocketImpl.bind(AbstractPlainSocketImpl.java:387)
	at java.net.ServerSocket.bind(ServerSocket.java:375)
	at java.net.ServerSocket.<init>(ServerSocket.java:237)
	at org.apache.catalina.core.StandardServer.await(StandardServer.java:440)
	at org.apache.catalina.startup.Catalina.await(Catalina.java:769)
	at org.apache.catalina.startup.Catalina.start(Catalina.java:715)
	at sun.reflect.NativeMethodAccessorImpl.invoke0(Native Method)
	at sun.reflect.NativeMethodAccessorImpl.invoke(NativeMethodAccessorImpl.java:62)
	at sun.reflect.DelegatingMethodAccessorImpl.invoke(DelegatingMethodAccessorImpl.java:43)
	at java.lang.reflect.Method.invoke(Method.java:498)
	at org.apache.catalina.startup.Bootstrap.start(Bootstrap.java:353)
	at org.apache.catalina.startup.Bootstrap.main(Bootstrap.java:493)

16-Aug-2018 13:45:23.998 INFO [main] org.apache.coyote.AbstractProtocol.pause Pausing ProtocolHandler ["http-nio-8080"]
16-Aug-2018 13:45:23.998 INFO [main] org.apache.coyote.AbstractProtocol.pause Pausing ProtocolHandler ["ajp-nio-8009"]
16-Aug-2018 13:45:23.998 INFO [main] org.apache.catalina.core.StandardService.stopInternal Stopping service [Catalina]
16-Aug-2018 13:45:24.053 INFO [localhost-startStop-1] jenkins.model.Jenkins.cleanUp Stopping Jenkins
16-Aug-2018 13:45:24.140 INFO [localhost-startStop-1] jenkins.model.Jenkins$19.onAttained Started termination
16-Aug-2018 13:45:24.151 SEVERE [localhost-startStop-1] jenkins.model.Jenkins$19.onTaskFailed Failed IOHubProvider.cleanUp
 java.lang.IllegalArgumentException: Unable to inject class jenkins.slaves.IOHubProvider
	at hudson.init.TaskMethodFinder.lookUp(TaskMethodFinder.java:125)
	at hudson.init.TaskMethodFinder.invoke(TaskMethodFinder.java:105)
	at hudson.init.TaskMethodFinder$TaskImpl.run(TaskMethodFinder.java:175)
	at org.jvnet.hudson.reactor.Reactor.runTask(Reactor.java:296)
	at org.jvnet.hudson.reactor.Reactor$2.run(Reactor.java:214)
	at org.jvnet.hudson.reactor.Reactor$Node.run(Reactor.java:117)
	at jenkins.model.Jenkins$18.execute(Jenkins.java:3338)
	at org.jvnet.hudson.reactor.Reactor$Node.runIfPossible(Reactor.java:139)
	at org.jvnet.hudson.reactor.Reactor$Node.run(Reactor.java:128)
	at jenkins.model.Jenkins$18.execute(Jenkins.java:3338)
	at org.jvnet.hudson.reactor.Reactor$Node.runIfPossible(Reactor.java:139)
	at org.jvnet.hudson.reactor.Reactor.execute(Reactor.java:276)
	at jenkins.model.Jenkins._cleanUpRunTerminators(Jenkins.java:3335)
	at jenkins.model.Jenkins.cleanUp(Jenkins.java:3256)
	at hudson.WebAppMain.contextDestroyed(WebAppMain.java:379)
	at org.apache.catalina.core.StandardContext.listenerStop(StandardContext.java:4839)
	at org.apache.catalina.core.StandardContext.stopInternal(StandardContext.java:5478)
	at org.apache.catalina.util.LifecycleBase.stop(LifecycleBase.java:226)
	at org.apache.catalina.core.ContainerBase$StopChild.call(ContainerBase.java:1437)
	at org.apache.catalina.core.ContainerBase$StopChild.call(ContainerBase.java:1426)
	at java.util.concurrent.FutureTask.run(FutureTask.java:266)
	at java.util.concurrent.ThreadPoolExecutor.runWorker(ThreadPoolExecutor.java:1149)
	at java.util.concurrent.ThreadPoolExecutor$Worker.run(ThreadPoolExecutor.java:624)
	at java.lang.Thread.run(Thread.java:748)

16-Aug-2018 13:45:24.158 SEVERE [localhost-startStop-1] jenkins.model.Jenkins$19.onTaskFailed Failed NioChannelSelector.cleanUp
 java.lang.IllegalArgumentException: Unable to inject class jenkins.slaves.NioChannelSelector
	at hudson.init.TaskMethodFinder.lookUp(TaskMethodFinder.java:125)
	at hudson.init.TaskMethodFinder.invoke(TaskMethodFinder.java:105)
	at hudson.init.TaskMethodFinder$TaskImpl.run(TaskMethodFinder.java:175)
	at org.jvnet.hudson.reactor.Reactor.runTask(Reactor.java:296)
	at org.jvnet.hudson.reactor.Reactor$2.run(Reactor.java:214)
	at org.jvnet.hudson.reactor.Reactor$Node.run(Reactor.java:117)
	at jenkins.model.Jenkins$18.execute(Jenkins.java:3338)
	at org.jvnet.hudson.reactor.Reactor$Node.runIfPossible(Reactor.java:139)
	at org.jvnet.hudson.reactor.Reactor$Node.run(Reactor.java:128)
	at jenkins.model.Jenkins$18.execute(Jenkins.java:3338)
	at org.jvnet.hudson.reactor.Reactor$Node.runIfPossible(Reactor.java:139)
	at org.jvnet.hudson.reactor.Reactor.execute(Reactor.java:276)
	at jenkins.model.Jenkins._cleanUpRunTerminators(Jenkins.java:3335)
	at jenkins.model.Jenkins.cleanUp(Jenkins.java:3256)
	at hudson.WebAppMain.contextDestroyed(WebAppMain.java:379)
	at org.apache.catalina.core.StandardContext.listenerStop(StandardContext.java:4839)
	at org.apache.catalina.core.StandardContext.stopInternal(StandardContext.java:5478)
	at org.apache.catalina.util.LifecycleBase.stop(LifecycleBase.java:226)
	at org.apache.catalina.core.ContainerBase$StopChild.call(ContainerBase.java:1437)
	at org.apache.catalina.core.ContainerBase$StopChild.call(ContainerBase.java:1426)
	at java.util.concurrent.FutureTask.run(FutureTask.java:266)
	at java.util.concurrent.ThreadPoolExecutor.runWorker(ThreadPoolExecutor.java:1149)
	at java.util.concurrent.ThreadPoolExecutor$Worker.run(ThreadPoolExecutor.java:624)
	at java.lang.Thread.run(Thread.java:748)

16-Aug-2018 13:45:24.162 INFO [localhost-startStop-1] jenkins.model.Jenkins$19.onAttained Completed termination
16-Aug-2018 13:45:24.163 INFO [localhost-startStop-1] jenkins.model.Jenkins._cleanUpDisconnectComputers Starting node disconnection
16-Aug-2018 13:45:24.214 INFO [localhost-startStop-1] jenkins.model.Jenkins._cleanUpPersistQueue Persisting build queue
16-Aug-2018 13:45:25.595 INFO [localhost-startStop-1] jenkins.model.Jenkins.cleanUp Jenkins stopped
16-Aug-2018 13:45:25.596 INFO [localhost-startStop-1] hudson.WebAppMain.contextDestroyed Shutting down a Jenkins instance that was still starting up
 java.lang.Throwable: reason
	at hudson.WebAppMain.contextDestroyed(WebAppMain.java:388)
	at org.apache.catalina.core.StandardContext.listenerStop(StandardContext.java:4839)
	at org.apache.catalina.core.StandardContext.stopInternal(StandardContext.java:5478)
	at org.apache.catalina.util.LifecycleBase.stop(LifecycleBase.java:226)
	at org.apache.catalina.core.ContainerBase$StopChild.call(ContainerBase.java:1437)
	at org.apache.catalina.core.ContainerBase$StopChild.call(ContainerBase.java:1426)
	at java.util.concurrent.FutureTask.run(FutureTask.java:266)
	at java.util.concurrent.ThreadPoolExecutor.runWorker(ThreadPoolExecutor.java:1149)
	at java.util.concurrent.ThreadPoolExecutor$Worker.run(ThreadPoolExecutor.java:624)
	at java.lang.Thread.run(Thread.java:748)

16-Aug-2018 13:45:25.627 WARNING [localhost-startStop-1] org.apache.catalina.loader.WebappClassLoaderBase.clearReferencesThreads The web application [jenkins] appears to have started a thread named [Jenkins initialization thread] but has failed to stop it. This is very likely to create a memory leak. Stack trace of thread:
 java.lang.reflect.WeakCache$CacheKey.hashCode(WeakCache.java:350)
 java.util.concurrent.ConcurrentHashMap.get(ConcurrentHashMap.java:936)
 java.lang.reflect.WeakCache.get(WeakCache.java:108)
 java.lang.reflect.Proxy.getProxyClass0(Proxy.java:419)
 java.lang.reflect.Proxy.newProxyInstance(Proxy.java:719)
 sun.reflect.annotation.AnnotationParser$1.run(AnnotationParser.java:305)
 sun.reflect.annotation.AnnotationParser$1.run(AnnotationParser.java:303)
 java.security.AccessController.doPrivileged(Native Method)
 sun.reflect.annotation.AnnotationParser.annotationForMap(AnnotationParser.java:303)
 sun.reflect.annotation.AnnotationParser.parseAnnotation2(AnnotationParser.java:293)
 sun.reflect.annotation.AnnotationParser.parseAnnotations2(AnnotationParser.java:120)
 sun.reflect.annotation.AnnotationParser.parseAnnotations(AnnotationParser.java:72)
 java.lang.reflect.Executable.declaredAnnotations(Executable.java:599)
 java.lang.reflect.Executable.declaredAnnotations(Executable.java:597)
 java.lang.reflect.Executable.getAnnotation(Executable.java:570)
 java.lang.reflect.Method.getAnnotation(Method.java:622)
 java.lang.reflect.AnnotatedElement.isAnnotationPresent(AnnotatedElement.java:258)
 java.lang.reflect.AccessibleObject.isAnnotationPresent(AccessibleObject.java:191)
 org.jvnet.hudson.annotation_indexer.Index$2$1.listAnnotatedElements(Index.java:119)
 org.jvnet.hudson.annotation_indexer.Index$2$1.fetch(Index.java:103)
 org.jvnet.hudson.annotation_indexer.Index$2$1.hasNext(Index.java:73)
 org.jvnet.hudson.annotation_indexer.SubtypeIterator.fetch(SubtypeIterator.java:18)
 org.jvnet.hudson.annotation_indexer.SubtypeIterator.hasNext(SubtypeIterator.java:28)
 hudson.init.TaskMethodFinder.discoverTasks(TaskMethodFinder.java:56)
 hudson.init.InitializerFinder.discoverTasks(InitializerFinder.java:33)
 hudson.init.TaskMethodFinder.discoverTasks(TaskMethodFinder.java:32)
 org.jvnet.hudson.reactor.TaskBuilder$2.discoverTasks(TaskBuilder.java:61)
 org.jvnet.hudson.reactor.Reactor.<init>(Reactor.java:151)
 org.jvnet.hudson.reactor.Reactor.<init>(Reactor.java:156)
 jenkins.model.Jenkins$5.<init>(Jenkins.java:1051)
 jenkins.model.Jenkins.executeReactor(Jenkins.java:1051)
 jenkins.model.Jenkins.<init>(Jenkins.java:904)
 hudson.model.Hudson.<init>(Hudson.java:85)
 hudson.model.Hudson.<init>(Hudson.java:81)
 hudson.WebAppMain$3.run(WebAppMain.java:233)
16-Aug-2018 13:45:25.628 SEVERE [localhost-startStop-1] org.apache.catalina.loader.WebappClassLoaderBase.checkThreadLocalMapForLeaks The web application [jenkins] created a ThreadLocal with key of type [java.lang.ThreadLocal] (value [java.lang.ThreadLocal@10e18df5]) and a value of type [org.acegisecurity.context.SecurityContextImpl] (value [org.acegisecurity.context.SecurityContextImpl@ffffffff: Null authentication]) but failed to remove it when the web application was stopped. Threads are going to be renewed over time to try and avoid a probable memory leak.
16-Aug-2018 13:45:25.628 SEVERE [localhost-startStop-1] org.apache.catalina.loader.WebappClassLoaderBase.checkThreadLocalMapForLeaks The web application [jenkins] created a ThreadLocal with key of type [java.lang.ThreadLocal] (value [java.lang.ThreadLocal@10e18df5]) and a value of type [jenkins.security.NonSerializableSecurityContext] (value [jenkins.security.NonSerializableSecurityContext@1f: Authentication: org.acegisecurity.providers.UsernamePasswordAuthenticationToken@1f: Username: SYSTEM; Password: [PROTECTED]; Authenticated: false; Details: null; Not granted any authorities]) but failed to remove it when the web application was stopped. Threads are going to be renewed over time to try and avoid a probable memory leak.
16-Aug-2018 13:45:25.633 INFO [Jenkins initialization thread] org.apache.catalina.loader.WebappClassLoaderBase.checkStateForResourceLoading Illegal access: this web application instance has been stopped already. Could not load [hudson.model.DownloadService$DownloadableListener]. The following stack trace is thrown for debugging purposes as well as to attempt to terminate the thread which caused the illegal access.
 java.lang.IllegalStateException: Illegal access: this web application instance has been stopped already. Could not load [hudson.model.DownloadService$DownloadableListener]. The following stack trace is thrown for debugging purposes as well as to attempt to terminate the thread which caused the illegal access.
	at org.apache.catalina.loader.WebappClassLoaderBase.checkStateForResourceLoading(WebappClassLoaderBase.java:1329)
	at org.apache.catalina.loader.WebappClassLoaderBase.checkStateForClassLoading(WebappClassLoaderBase.java:1317)
	at org.apache.catalina.loader.WebappClassLoaderBase.loadClass(WebappClassLoaderBase.java:1176)
	at java.lang.ClassLoader.loadClass(ClassLoader.java:411)
	at java.lang.ClassLoader.loadClass(ClassLoader.java:357)
	at org.jvnet.hudson.annotation_indexer.Index$2$1.fetch(Index.java:99)
	at org.jvnet.hudson.annotation_indexer.Index$2$1.hasNext(Index.java:73)
	at org.jvnet.hudson.annotation_indexer.SubtypeIterator.fetch(SubtypeIterator.java:18)
	at org.jvnet.hudson.annotation_indexer.SubtypeIterator.hasNext(SubtypeIterator.java:28)
	at hudson.init.TaskMethodFinder.discoverTasks(TaskMethodFinder.java:56)
	at hudson.init.InitializerFinder.discoverTasks(InitializerFinder.java:33)
	at hudson.init.TaskMethodFinder.discoverTasks(TaskMethodFinder.java:32)
	at org.jvnet.hudson.reactor.TaskBuilder$2.discoverTasks(TaskBuilder.java:61)
	at org.jvnet.hudson.reactor.Reactor.<init>(Reactor.java:151)
	at org.jvnet.hudson.reactor.Reactor.<init>(Reactor.java:156)
	at jenkins.model.Jenkins$5.<init>(Jenkins.java:1051)
	at jenkins.model.Jenkins.executeReactor(Jenkins.java:1051)
	at jenkins.model.Jenkins.<init>(Jenkins.java:904)
	at hudson.model.Hudson.<init>(Hudson.java:85)
	at hudson.model.Hudson.<init>(Hudson.java:81)
	at hudson.WebAppMain$3.run(WebAppMain.java:233)

16-Aug-2018 13:45:25.635 INFO [Jenkins initialization thread] org.apache.catalina.loader.WebappClassLoaderBase.checkStateForResourceLoading Illegal access: this web application instance has been stopped already. Could not load [hudson.model.PeriodicWork]. The following stack trace is thrown for debugging purposes as well as to attempt to terminate the thread which caused the illegal access.
 java.lang.IllegalStateException: Illegal access: this web application instance has been stopped already. Could not load [hudson.model.PeriodicWork]. The following stack trace is thrown for debugging purposes as well as to attempt to terminate the thread which caused the illegal access.
	at org.apache.catalina.loader.WebappClassLoaderBase.checkStateForResourceLoading(WebappClassLoaderBase.java:1329)
	at org.apache.catalina.loader.WebappClassLoaderBase.checkStateForClassLoading(WebappClassLoaderBase.java:1317)
	at org.apache.catalina.loader.WebappClassLoaderBase.loadClass(WebappClassLoaderBase.java:1176)
	at java.lang.ClassLoader.loadClass(ClassLoader.java:411)
	at java.lang.ClassLoader.loadClass(ClassLoader.java:357)
	at org.jvnet.hudson.annotation_indexer.Index$2$1.fetch(Index.java:99)
	at org.jvnet.hudson.annotation_indexer.Index$2$1.hasNext(Index.java:73)
	at org.jvnet.hudson.annotation_indexer.SubtypeIterator.fetch(SubtypeIterator.java:18)
	at org.jvnet.hudson.annotation_indexer.SubtypeIterator.hasNext(SubtypeIterator.java:28)
	at hudson.init.TaskMethodFinder.discoverTasks(TaskMethodFinder.java:56)
	at hudson.init.InitializerFinder.discoverTasks(InitializerFinder.java:33)
	at hudson.init.TaskMethodFinder.discoverTasks(TaskMethodFinder.java:32)
	at org.jvnet.hudson.reactor.TaskBuilder$2.discoverTasks(TaskBuilder.java:61)
	at org.jvnet.hudson.reactor.Reactor.<init>(Reactor.java:151)
	at org.jvnet.hudson.reactor.Reactor.<init>(Reactor.java:156)
	at jenkins.model.Jenkins$5.<init>(Jenkins.java:1051)
	at jenkins.model.Jenkins.executeReactor(Jenkins.java:1051)
	at jenkins.model.Jenkins.<init>(Jenkins.java:904)
	at hudson.model.Hudson.<init>(Hudson.java:85)
	at hudson.model.Hudson.<init>(Hudson.java:81)
	at hudson.WebAppMain$3.run(WebAppMain.java:233)

16-Aug-2018 13:45:25.637 INFO [Jenkins initialization thread] org.apache.catalina.loader.WebappClassLoaderBase.checkStateForResourceLoading Illegal access: this web application instance has been stopped already. Could not load [hudson.model.Queue]. The following stack trace is thrown for debugging purposes as well as to attempt to terminate the thread which caused the illegal access.
 java.lang.IllegalStateException: Illegal access: this web application instance has been stopped already. Could not load [hudson.model.Queue]. The following stack trace is thrown for debugging purposes as well as to attempt to terminate the thread which caused the illegal access.
	at org.apache.catalina.loader.WebappClassLoaderBase.checkStateForResourceLoading(WebappClassLoaderBase.java:1329)
	at org.apache.catalina.loader.WebappClassLoaderBase.checkStateForClassLoading(WebappClassLoaderBase.java:1317)
	at org.apache.catalina.loader.WebappClassLoaderBase.loadClass(WebappClassLoaderBase.java:1176)
	at java.lang.ClassLoader.loadClass(ClassLoader.java:411)
	at java.lang.ClassLoader.loadClass(ClassLoader.java:357)
	at org.jvnet.hudson.annotation_indexer.Index$2$1.fetch(Index.java:99)
	at org.jvnet.hudson.annotation_indexer.Index$2$1.hasNext(Index.java:73)
	at org.jvnet.hudson.annotation_indexer.SubtypeIterator.fetch(SubtypeIterator.java:18)
	at org.jvnet.hudson.annotation_indexer.SubtypeIterator.hasNext(SubtypeIterator.java:28)
	at hudson.init.TaskMethodFinder.discoverTasks(TaskMethodFinder.java:56)
	at hudson.init.InitializerFinder.discoverTasks(InitializerFinder.java:33)
	at hudson.init.TaskMethodFinder.discoverTasks(TaskMethodFinder.java:32)
	at org.jvnet.hudson.reactor.TaskBuilder$2.discoverTasks(TaskBuilder.java:61)
	at org.jvnet.hudson.reactor.Reactor.<init>(Reactor.java:151)
	at org.jvnet.hudson.reactor.Reactor.<init>(Reactor.java:156)
	at jenkins.model.Jenkins$5.<init>(Jenkins.java:1051)
	at jenkins.model.Jenkins.executeReactor(Jenkins.java:1051)
	at jenkins.model.Jenkins.<init>(Jenkins.java:904)
	at hudson.model.Hudson.<init>(Hudson.java:85)
	at hudson.model.Hudson.<init>(Hudson.java:81)
	at hudson.WebAppMain$3.run(WebAppMain.java:233)

16-Aug-2018 13:45:25.638 INFO [Jenkins initialization thread] org.apache.catalina.loader.WebappClassLoaderBase.checkStateForResourceLoading Illegal access: this web application instance has been stopped already. Could not load [hudson.model.Result]. The following stack trace is thrown for debugging purposes as well as to attempt to terminate the thread which caused the illegal access.
 java.lang.IllegalStateException: Illegal access: this web application instance has been stopped already. Could not load [hudson.model.Result]. The following stack trace is thrown for debugging purposes as well as to attempt to terminate the thread which caused the illegal access.
	at org.apache.catalina.loader.WebappClassLoaderBase.checkStateForResourceLoading(WebappClassLoaderBase.java:1329)
	at org.apache.catalina.loader.WebappClassLoaderBase.checkStateForClassLoading(WebappClassLoaderBase.java:1317)
	at org.apache.catalina.loader.WebappClassLoaderBase.loadClass(WebappClassLoaderBase.java:1176)
	at java.lang.ClassLoader.loadClass(ClassLoader.java:411)
	at java.lang.ClassLoader.loadClass(ClassLoader.java:357)
	at org.jvnet.hudson.annotation_indexer.Index$2$1.fetch(Index.java:99)
	at org.jvnet.hudson.annotation_indexer.Index$2$1.hasNext(Index.java:73)
	at org.jvnet.hudson.annotation_indexer.SubtypeIterator.fetch(SubtypeIterator.java:18)
	at org.jvnet.hudson.annotation_indexer.SubtypeIterator.hasNext(SubtypeIterator.java:28)
	at hudson.init.TaskMethodFinder.discoverTasks(TaskMethodFinder.java:56)
	at hudson.init.InitializerFinder.discoverTasks(InitializerFinder.java:33)
	at hudson.init.TaskMethodFinder.discoverTasks(TaskMethodFinder.java:32)
	at org.jvnet.hudson.reactor.TaskBuilder$2.discoverTasks(TaskBuilder.java:61)
	at org.jvnet.hudson.reactor.Reactor.<init>(Reactor.java:151)
	at org.jvnet.hudson.reactor.Reactor.<init>(Reactor.java:156)
	at jenkins.model.Jenkins$5.<init>(Jenkins.java:1051)
	at jenkins.model.Jenkins.executeReactor(Jenkins.java:1051)
	at jenkins.model.Jenkins.<init>(Jenkins.java:904)
	at hudson.model.Hudson.<init>(Hudson.java:85)
	at hudson.model.Hudson.<init>(Hudson.java:81)
	at hudson.WebAppMain$3.run(WebAppMain.java:233)

16-Aug-2018 13:45:25.639 INFO [Jenkins initialization thread] org.apache.catalina.loader.WebappClassLoaderBase.checkStateForResourceLoading Illegal access: this web application instance has been stopped already. Could not load [hudson.model.UpdateCenter]. The following stack trace is thrown for debugging purposes as well as to attempt to terminate the thread which caused the illegal access.
 java.lang.IllegalStateException: Illegal access: this web application instance has been stopped already. Could not load [hudson.model.UpdateCenter]. The following stack trace is thrown for debugging purposes as well as to attempt to terminate the thread which caused the illegal access.
	at org.apache.catalina.loader.WebappClassLoaderBase.checkStateForResourceLoading(WebappClassLoaderBase.java:1329)
	at org.apache.catalina.loader.WebappClassLoaderBase.checkStateForClassLoading(WebappClassLoaderBase.java:1317)
	at org.apache.catalina.loader.WebappClassLoaderBase.loadClass(WebappClassLoaderBase.java:1176)
	at java.lang.ClassLoader.loadClass(ClassLoader.java:411)
	at java.lang.ClassLoader.loadClass(ClassLoader.java:357)
	at org.jvnet.hudson.annotation_indexer.Index$2$1.fetch(Index.java:99)
	at org.jvnet.hudson.annotation_indexer.Index$2$1.hasNext(Index.java:73)
	at org.jvnet.hudson.annotation_indexer.SubtypeIterator.fetch(SubtypeIterator.java:18)
	at org.jvnet.hudson.annotation_indexer.SubtypeIterator.hasNext(SubtypeIterator.java:28)
	at hudson.init.TaskMethodFinder.discoverTasks(TaskMethodFinder.java:56)
	at hudson.init.InitializerFinder.discoverTasks(InitializerFinder.java:33)
	at hudson.init.TaskMethodFinder.discoverTasks(TaskMethodFinder.java:32)
	at org.jvnet.hudson.reactor.TaskBuilder$2.discoverTasks(TaskBuilder.java:61)
	at org.jvnet.hudson.reactor.Reactor.<init>(Reactor.java:151)
	at org.jvnet.hudson.reactor.Reactor.<init>(Reactor.java:156)
	at jenkins.model.Jenkins$5.<init>(Jenkins.java:1051)
	at jenkins.model.Jenkins.executeReactor(Jenkins.java:1051)
	at jenkins.model.Jenkins.<init>(Jenkins.java:904)
	at hudson.model.Hudson.<init>(Hudson.java:85)
	at hudson.model.Hudson.<init>(Hudson.java:81)
	at hudson.WebAppMain$3.run(WebAppMain.java:233)

16-Aug-2018 13:45:25.639 INFO [Jenkins initialization thread] org.apache.catalina.loader.WebappClassLoaderBase.checkStateForResourceLoading Illegal access: this web application instance has been stopped already. Could not load [hudson.model.User$AllUsers]. The following stack trace is thrown for debugging purposes as well as to attempt to terminate the thread which caused the illegal access.
 java.lang.IllegalStateException: Illegal access: this web application instance has been stopped already. Could not load [hudson.model.User$AllUsers]. The following stack trace is thrown for debugging purposes as well as to attempt to terminate the thread which caused the illegal access.
	at org.apache.catalina.loader.WebappClassLoaderBase.checkStateForResourceLoading(WebappClassLoaderBase.java:1329)
	at org.apache.catalina.loader.WebappClassLoaderBase.checkStateForClassLoading(WebappClassLoaderBase.java:1317)
	at org.apache.catalina.loader.WebappClassLoaderBase.loadClass(WebappClassLoaderBase.java:1176)
	at java.lang.ClassLoader.loadClass(ClassLoader.java:411)
	at java.lang.ClassLoader.loadClass(ClassLoader.java:357)
	at org.jvnet.hudson.annotation_indexer.Index$2$1.fetch(Index.java:99)
	at org.jvnet.hudson.annotation_indexer.Index$2$1.hasNext(Index.java:73)
	at org.jvnet.hudson.annotation_indexer.SubtypeIterator.fetch(SubtypeIterator.java:18)
	at org.jvnet.hudson.annotation_indexer.SubtypeIterator.hasNext(SubtypeIterator.java:28)
	at hudson.init.TaskMethodFinder.discoverTasks(TaskMethodFinder.java:56)
	at hudson.init.InitializerFinder.discoverTasks(InitializerFinder.java:33)
	at hudson.init.TaskMethodFinder.discoverTasks(TaskMethodFinder.java:32)
	at org.jvnet.hudson.reactor.TaskBuilder$2.discoverTasks(TaskBuilder.java:61)
	at org.jvnet.hudson.reactor.Reactor.<init>(Reactor.java:151)
	at org.jvnet.hudson.reactor.Reactor.<init>(Reactor.java:156)
	at jenkins.model.Jenkins$5.<init>(Jenkins.java:1051)
	at jenkins.model.Jenkins.executeReactor(Jenkins.java:1051)
	at jenkins.model.Jenkins.<init>(Jenkins.java:904)
	at hudson.model.Hudson.<init>(Hudson.java:85)
	at hudson.model.Hudson.<init>(Hudson.java:81)
	at hudson.WebAppMain$3.run(WebAppMain.java:233)

16-Aug-2018 13:45:25.639 INFO [Jenkins initialization thread] org.apache.catalina.loader.WebappClassLoaderBase.checkStateForResourceLoading Illegal access: this web application instance has been stopped already. Could not load [hudson.model.queue.QueueSorter]. The following stack trace is thrown for debugging purposes as well as to attempt to terminate the thread which caused the illegal access.
 java.lang.IllegalStateException: Illegal access: this web application instance has been stopped already. Could not load [hudson.model.queue.QueueSorter]. The following stack trace is thrown for debugging purposes as well as to attempt to terminate the thread which caused the illegal access.
	at org.apache.catalina.loader.WebappClassLoaderBase.checkStateForResourceLoading(WebappClassLoaderBase.java:1329)
	at org.apache.catalina.loader.WebappClassLoaderBase.checkStateForClassLoading(WebappClassLoaderBase.java:1317)
	at org.apache.catalina.loader.WebappClassLoaderBase.loadClass(WebappClassLoaderBase.java:1176)
	at java.lang.ClassLoader.loadClass(ClassLoader.java:411)
	at java.lang.ClassLoader.loadClass(ClassLoader.java:357)
	at org.jvnet.hudson.annotation_indexer.Index$2$1.fetch(Index.java:99)
	at org.jvnet.hudson.annotation_indexer.Index$2$1.hasNext(Index.java:73)
	at org.jvnet.hudson.annotation_indexer.SubtypeIterator.fetch(SubtypeIterator.java:18)
	at org.jvnet.hudson.annotation_indexer.SubtypeIterator.hasNext(SubtypeIterator.java:28)
	at hudson.init.TaskMethodFinder.discoverTasks(TaskMethodFinder.java:56)
	at hudson.init.InitializerFinder.discoverTasks(InitializerFinder.java:33)
	at hudson.init.TaskMethodFinder.discoverTasks(TaskMethodFinder.java:32)
	at org.jvnet.hudson.reactor.TaskBuilder$2.discoverTasks(TaskBuilder.java:61)
	at org.jvnet.hudson.reactor.Reactor.<init>(Reactor.java:151)
	at org.jvnet.hudson.reactor.Reactor.<init>(Reactor.java:156)
	at jenkins.model.Jenkins$5.<init>(Jenkins.java:1051)
	at jenkins.model.Jenkins.executeReactor(Jenkins.java:1051)
	at jenkins.model.Jenkins.<init>(Jenkins.java:904)
	at hudson.model.Hudson.<init>(Hudson.java:85)
	at hudson.model.Hudson.<init>(Hudson.java:81)
	at hudson.WebAppMain$3.run(WebAppMain.java:233)

16-Aug-2018 13:45:25.639 INFO [Jenkins initialization thread] org.apache.catalina.loader.WebappClassLoaderBase.checkStateForResourceLoading Illegal access: this web application instance has been stopped already. Could not load [hudson.security.csrf.CrumbIssuer]. The following stack trace is thrown for debugging purposes as well as to attempt to terminate the thread which caused the illegal access.
 java.lang.IllegalStateException: Illegal access: this web application instance has been stopped already. Could not load [hudson.security.csrf.CrumbIssuer]. The following stack trace is thrown for debugging purposes as well as to attempt to terminate the thread which caused the illegal access.
	at org.apache.catalina.loader.WebappClassLoaderBase.checkStateForResourceLoading(WebappClassLoaderBase.java:1329)
	at org.apache.catalina.loader.WebappClassLoaderBase.checkStateForClassLoading(WebappClassLoaderBase.java:1317)
	at org.apache.catalina.loader.WebappClassLoaderBase.loadClass(WebappClassLoaderBase.java:1176)
	at java.lang.ClassLoader.loadClass(ClassLoader.java:411)
	at java.lang.ClassLoader.loadClass(ClassLoader.java:357)
	at org.jvnet.hudson.annotation_indexer.Index$2$1.fetch(Index.java:99)
	at org.jvnet.hudson.annotation_indexer.Index$2$1.hasNext(Index.java:73)
	at org.jvnet.hudson.annotation_indexer.SubtypeIterator.fetch(SubtypeIterator.java:18)
	at org.jvnet.hudson.annotation_indexer.SubtypeIterator.hasNext(SubtypeIterator.java:28)
	at hudson.init.TaskMethodFinder.discoverTasks(TaskMethodFinder.java:56)
	at hudson.init.InitializerFinder.discoverTasks(InitializerFinder.java:33)
	at hudson.init.TaskMethodFinder.discoverTasks(TaskMethodFinder.java:32)
	at org.jvnet.hudson.reactor.TaskBuilder$2.discoverTasks(TaskBuilder.java:61)
	at org.jvnet.hudson.reactor.Reactor.<init>(Reactor.java:151)
	at org.jvnet.hudson.reactor.Reactor.<init>(Reactor.java:156)
	at jenkins.model.Jenkins$5.<init>(Jenkins.java:1051)
	at jenkins.model.Jenkins.executeReactor(Jenkins.java:1051)
	at jenkins.model.Jenkins.<init>(Jenkins.java:904)
	at hudson.model.Hudson.<init>(Hudson.java:85)
	at hudson.model.Hudson.<init>(Hudson.java:81)
	at hudson.WebAppMain$3.run(WebAppMain.java:233)

16-Aug-2018 13:45:25.640 INFO [Jenkins initialization thread] org.apache.catalina.loader.WebappClassLoaderBase.checkStateForResourceLoading Illegal access: this web application instance has been stopped already. Could not load [hudson.util.DoubleLaunchChecker]. The following stack trace is thrown for debugging purposes as well as to attempt to terminate the thread which caused the illegal access.
 java.lang.IllegalStateException: Illegal access: this web application instance has been stopped already. Could not load [hudson.util.DoubleLaunchChecker]. The following stack trace is thrown for debugging purposes as well as to attempt to terminate the thread which caused the illegal access.
	at org.apache.catalina.loader.WebappClassLoaderBase.checkStateForResourceLoading(WebappClassLoaderBase.java:1329)
	at org.apache.catalina.loader.WebappClassLoaderBase.checkStateForClassLoading(WebappClassLoaderBase.java:1317)
	at org.apache.catalina.loader.WebappClassLoaderBase.loadClass(WebappClassLoaderBase.java:1176)
	at java.lang.ClassLoader.loadClass(ClassLoader.java:411)
	at java.lang.ClassLoader.loadClass(ClassLoader.java:357)
	at org.jvnet.hudson.annotation_indexer.Index$2$1.fetch(Index.java:99)
	at org.jvnet.hudson.annotation_indexer.Index$2$1.hasNext(Index.java:73)
	at org.jvnet.hudson.annotation_indexer.SubtypeIterator.fetch(SubtypeIterator.java:18)
	at org.jvnet.hudson.annotation_indexer.SubtypeIterator.hasNext(SubtypeIterator.java:28)
	at hudson.init.TaskMethodFinder.discoverTasks(TaskMethodFinder.java:56)
	at hudson.init.InitializerFinder.discoverTasks(InitializerFinder.java:33)
	at hudson.init.TaskMethodFinder.discoverTasks(TaskMethodFinder.java:32)
	at org.jvnet.hudson.reactor.TaskBuilder$2.discoverTasks(TaskBuilder.java:61)
	at org.jvnet.hudson.reactor.Reactor.<init>(Reactor.java:151)
	at org.jvnet.hudson.reactor.Reactor.<init>(Reactor.java:156)
	at jenkins.model.Jenkins$5.<init>(Jenkins.java:1051)
	at jenkins.model.Jenkins.executeReactor(Jenkins.java:1051)
	at jenkins.model.Jenkins.<init>(Jenkins.java:904)
	at hudson.model.Hudson.<init>(Hudson.java:85)
	at hudson.model.Hudson.<init>(Hudson.java:81)
	at hudson.WebAppMain$3.run(WebAppMain.java:233)

16-Aug-2018 13:45:25.648 INFO [Jenkins initialization thread] org.apache.catalina.loader.WebappClassLoaderBase.checkStateForResourceLoading Illegal access: this web application instance has been stopped already. Could not load [jenkins.model.Uptime]. The following stack trace is thrown for debugging purposes as well as to attempt to terminate the thread which caused the illegal access.
 java.lang.IllegalStateException: Illegal access: this web application instance has been stopped already. Could not load [jenkins.model.Uptime]. The following stack trace is thrown for debugging purposes as well as to attempt to terminate the thread which caused the illegal access.
	at org.apache.catalina.loader.WebappClassLoaderBase.checkStateForResourceLoading(WebappClassLoaderBase.java:1329)
	at org.apache.catalina.loader.WebappClassLoaderBase.checkStateForClassLoading(WebappClassLoaderBase.java:1317)
	at org.apache.catalina.loader.WebappClassLoaderBase.loadClass(WebappClassLoaderBase.java:1176)
	at java.lang.ClassLoader.loadClass(ClassLoader.java:411)
	at java.lang.ClassLoader.loadClass(ClassLoader.java:357)
	at org.jvnet.hudson.annotation_indexer.Index$2$1.fetch(Index.java:99)
	at org.jvnet.hudson.annotation_indexer.Index$2$1.hasNext(Index.java:73)
	at org.jvnet.hudson.annotation_indexer.SubtypeIterator.fetch(SubtypeIterator.java:18)
	at org.jvnet.hudson.annotation_indexer.SubtypeIterator.hasNext(SubtypeIterator.java:28)
	at hudson.init.TaskMethodFinder.discoverTasks(TaskMethodFinder.java:56)
	at hudson.init.InitializerFinder.discoverTasks(InitializerFinder.java:33)
	at hudson.init.TaskMethodFinder.discoverTasks(TaskMethodFinder.java:32)
	at org.jvnet.hudson.reactor.TaskBuilder$2.discoverTasks(TaskBuilder.java:61)
	at org.jvnet.hudson.reactor.Reactor.<init>(Reactor.java:151)
	at org.jvnet.hudson.reactor.Reactor.<init>(Reactor.java:156)
	at jenkins.model.Jenkins$5.<init>(Jenkins.java:1051)
	at jenkins.model.Jenkins.executeReactor(Jenkins.java:1051)
	at jenkins.model.Jenkins.<init>(Jenkins.java:904)
	at hudson.model.Hudson.<init>(Hudson.java:85)
	at hudson.model.Hudson.<init>(Hudson.java:81)
	at hudson.WebAppMain$3.run(WebAppMain.java:233)

16-Aug-2018 13:45:25.648 INFO [Jenkins initialization thread] org.apache.catalina.loader.WebappClassLoaderBase.checkStateForResourceLoading Illegal access: this web application instance has been stopped already. Could not load [jenkins.security.CustomClassFilter$Contributed]. The following stack trace is thrown for debugging purposes as well as to attempt to terminate the thread which caused the illegal access.
 java.lang.IllegalStateException: Illegal access: this web application instance has been stopped already. Could not load [jenkins.security.CustomClassFilter$Contributed]. The following stack trace is thrown for debugging purposes as well as to attempt to terminate the thread which caused the illegal access.
	at org.apache.catalina.loader.WebappClassLoaderBase.checkStateForResourceLoading(WebappClassLoaderBase.java:1329)
	at org.apache.catalina.loader.WebappClassLoaderBase.checkStateForClassLoading(WebappClassLoaderBase.java:1317)
	at org.apache.catalina.loader.WebappClassLoaderBase.loadClass(WebappClassLoaderBase.java:1176)
	at java.lang.ClassLoader.loadClass(ClassLoader.java:411)
	at java.lang.ClassLoader.loadClass(ClassLoader.java:357)
	at org.jvnet.hudson.annotation_indexer.Index$2$1.fetch(Index.java:99)
	at org.jvnet.hudson.annotation_indexer.Index$2$1.hasNext(Index.java:73)
	at org.jvnet.hudson.annotation_indexer.SubtypeIterator.fetch(SubtypeIterator.java:18)
	at org.jvnet.hudson.annotation_indexer.SubtypeIterator.hasNext(SubtypeIterator.java:28)
	at hudson.init.TaskMethodFinder.discoverTasks(TaskMethodFinder.java:56)
	at hudson.init.InitializerFinder.discoverTasks(InitializerFinder.java:33)
	at hudson.init.TaskMethodFinder.discoverTasks(TaskMethodFinder.java:32)
	at org.jvnet.hudson.reactor.TaskBuilder$2.discoverTasks(TaskBuilder.java:61)
	at org.jvnet.hudson.reactor.Reactor.<init>(Reactor.java:151)
	at org.jvnet.hudson.reactor.Reactor.<init>(Reactor.java:156)
	at jenkins.model.Jenkins$5.<init>(Jenkins.java:1051)
	at jenkins.model.Jenkins.executeReactor(Jenkins.java:1051)
	at jenkins.model.Jenkins.<init>(Jenkins.java:904)
	at hudson.model.Hudson.<init>(Hudson.java:85)
	at hudson.model.Hudson.<init>(Hudson.java:81)
	at hudson.WebAppMain$3.run(WebAppMain.java:233)

16-Aug-2018 13:45:25.648 INFO [Jenkins initialization thread] org.apache.catalina.loader.WebappClassLoaderBase.checkStateForResourceLoading Illegal access: this web application instance has been stopped already. Could not load [jenkins.security.RekeySecretAdminMonitor]. The following stack trace is thrown for debugging purposes as well as to attempt to terminate the thread which caused the illegal access.
 java.lang.IllegalStateException: Illegal access: this web application instance has been stopped already. Could not load [jenkins.security.RekeySecretAdminMonitor]. The following stack trace is thrown for debugging purposes as well as to attempt to terminate the thread which caused the illegal access.
	at org.apache.catalina.loader.WebappClassLoaderBase.checkStateForResourceLoading(WebappClassLoaderBase.java:1329)
	at org.apache.catalina.loader.WebappClassLoaderBase.checkStateForClassLoading(WebappClassLoaderBase.java:1317)
	at org.apache.catalina.loader.WebappClassLoaderBase.loadClass(WebappClassLoaderBase.java:1176)
	at java.lang.ClassLoader.loadClass(ClassLoader.java:411)
	at java.lang.ClassLoader.loadClass(ClassLoader.java:357)
	at org.jvnet.hudson.annotation_indexer.Index$2$1.fetch(Index.java:99)
	at org.jvnet.hudson.annotation_indexer.Index$2$1.hasNext(Index.java:73)
	at org.jvnet.hudson.annotation_indexer.SubtypeIterator.fetch(SubtypeIterator.java:18)
	at org.jvnet.hudson.annotation_indexer.SubtypeIterator.hasNext(SubtypeIterator.java:28)
	at hudson.init.TaskMethodFinder.discoverTasks(TaskMethodFinder.java:56)
	at hudson.init.InitializerFinder.discoverTasks(InitializerFinder.java:33)
	at hudson.init.TaskMethodFinder.discoverTasks(TaskMethodFinder.java:32)
	at org.jvnet.hudson.reactor.TaskBuilder$2.discoverTasks(TaskBuilder.java:61)
	at org.jvnet.hudson.reactor.Reactor.<init>(Reactor.java:151)
	at org.jvnet.hudson.reactor.Reactor.<init>(Reactor.java:156)
	at jenkins.model.Jenkins$5.<init>(Jenkins.java:1051)
	at jenkins.model.Jenkins.executeReactor(Jenkins.java:1051)
	at jenkins.model.Jenkins.<init>(Jenkins.java:904)
	at hudson.model.Hudson.<init>(Hudson.java:85)
	at hudson.model.Hudson.<init>(Hudson.java:81)
	at hudson.WebAppMain$3.run(WebAppMain.java:233)

16-Aug-2018 13:45:25.648 INFO [Jenkins initialization thread] org.apache.catalina.loader.WebappClassLoaderBase.checkStateForResourceLoading Illegal access: this web application instance has been stopped already. Could not load [org.jenkinsci.main.modules.sshd.SSHD]. The following stack trace is thrown for debugging purposes as well as to attempt to terminate the thread which caused the illegal access.
 java.lang.IllegalStateException: Illegal access: this web application instance has been stopped already. Could not load [org.jenkinsci.main.modules.sshd.SSHD]. The following stack trace is thrown for debugging purposes as well as to attempt to terminate the thread which caused the illegal access.
	at org.apache.catalina.loader.WebappClassLoaderBase.checkStateForResourceLoading(WebappClassLoaderBase.java:1329)
	at org.apache.catalina.loader.WebappClassLoaderBase.checkStateForClassLoading(WebappClassLoaderBase.java:1317)
	at org.apache.catalina.loader.WebappClassLoaderBase.loadClass(WebappClassLoaderBase.java:1176)
	at java.lang.ClassLoader.loadClass(ClassLoader.java:411)
	at java.lang.ClassLoader.loadClass(ClassLoader.java:357)
	at org.jvnet.hudson.annotation_indexer.Index$2$1.fetch(Index.java:99)
	at org.jvnet.hudson.annotation_indexer.Index$2$1.hasNext(Index.java:73)
	at org.jvnet.hudson.annotation_indexer.SubtypeIterator.fetch(SubtypeIterator.java:18)
	at org.jvnet.hudson.annotation_indexer.SubtypeIterator.hasNext(SubtypeIterator.java:28)
	at hudson.init.TaskMethodFinder.discoverTasks(TaskMethodFinder.java:56)
	at hudson.init.InitializerFinder.discoverTasks(InitializerFinder.java:33)
	at hudson.init.TaskMethodFinder.discoverTasks(TaskMethodFinder.java:32)
	at org.jvnet.hudson.reactor.TaskBuilder$2.discoverTasks(TaskBuilder.java:61)
	at org.jvnet.hudson.reactor.Reactor.<init>(Reactor.java:151)
	at org.jvnet.hudson.reactor.Reactor.<init>(Reactor.java:156)
	at jenkins.model.Jenkins$5.<init>(Jenkins.java:1051)
	at jenkins.model.Jenkins.executeReactor(Jenkins.java:1051)
	at jenkins.model.Jenkins.<init>(Jenkins.java:904)
	at hudson.model.Hudson.<init>(Hudson.java:85)
	at hudson.model.Hudson.<init>(Hudson.java:81)
	at hudson.WebAppMain$3.run(WebAppMain.java:233)

16-Aug-2018 13:45:25.649 INFO [Jenkins initialization thread] org.apache.catalina.loader.WebappClassLoaderBase.checkStateForResourceLoading Illegal access: this web application instance has been stopped already. Could not load [jenkins.model.Jenkins$6]. The following stack trace is thrown for debugging purposes as well as to attempt to terminate the thread which caused the illegal access.
 java.lang.IllegalStateException: Illegal access: this web application instance has been stopped already. Could not load [jenkins.model.Jenkins$6]. The following stack trace is thrown for debugging purposes as well as to attempt to terminate the thread which caused the illegal access.
	at org.apache.catalina.loader.WebappClassLoaderBase.checkStateForResourceLoading(WebappClassLoaderBase.java:1329)
	at org.apache.catalina.loader.WebappClassLoaderBase.checkStateForClassLoading(WebappClassLoaderBase.java:1317)
	at org.apache.catalina.loader.WebappClassLoaderBase.loadClass(WebappClassLoaderBase.java:1176)
	at org.apache.catalina.loader.WebappClassLoaderBase.loadClass(WebappClassLoaderBase.java:1137)
	at jenkins.model.Jenkins.executeReactor(Jenkins.java:1092)
	at jenkins.model.Jenkins.<init>(Jenkins.java:904)
	at hudson.model.Hudson.<init>(Hudson.java:85)
	at hudson.model.Hudson.<init>(Hudson.java:81)
	at hudson.WebAppMain$3.run(WebAppMain.java:233)

16-Aug-2018 13:45:25.649 INFO [Jenkins initialization thread] org.apache.catalina.loader.WebappClassLoaderBase.checkStateForResourceLoading Illegal access: this web application instance has been stopped already. Could not load [hudson.util.HudsonFailedToLoad]. The following stack trace is thrown for debugging purposes as well as to attempt to terminate the thread which caused the illegal access.
 java.lang.IllegalStateException: Illegal access: this web application instance has been stopped already. Could not load [hudson.util.HudsonFailedToLoad]. The following stack trace is thrown for debugging purposes as well as to attempt to terminate the thread which caused the illegal access.
	at org.apache.catalina.loader.WebappClassLoaderBase.checkStateForResourceLoading(WebappClassLoaderBase.java:1329)
	at org.apache.catalina.loader.WebappClassLoaderBase.checkStateForClassLoading(WebappClassLoaderBase.java:1317)
	at org.apache.catalina.loader.WebappClassLoaderBase.loadClass(WebappClassLoaderBase.java:1176)
	at org.apache.catalina.loader.WebappClassLoaderBase.loadClass(WebappClassLoaderBase.java:1137)
	at hudson.WebAppMain$3.run(WebAppMain.java:247)

16-Aug-2018 13:45:25.672 INFO [main] org.apache.coyote.AbstractProtocol.stop Stopping ProtocolHandler ["http-nio-8080"]
16-Aug-2018 13:45:25.672 INFO [main] org.apache.coyote.AbstractProtocol.destroy Destroying ProtocolHandler ["http-nio-8080"]
16-Aug-2018 13:45:25.672 INFO [main] org.apache.coyote.AbstractProtocol.stop Stopping ProtocolHandler ["ajp-nio-8009"]
16-Aug-2018 13:45:25.673 INFO [main] org.apache.coyote.AbstractProtocol.destroy Destroying ProtocolHandler ["ajp-nio-8009"]
16-Aug-2018 13:51:05.974 INFO [Update center installer thread [#1]] hudson.model.UpdateCenter$DownloadJob.run Starting the installation of SonarQube Scanner on behalf of admin
16-Aug-2018 13:51:06.975 INFO [Update center installer thread [#1]: http://updates.jenkins-ci.org/download/plugins/sonar/2.8/sonar.hpi] hudson.model.UpdateCenter$UpdateCenterConfiguration.download Downloading SonarQube Scanner
16-Aug-2018 13:51:09.712 INFO [Update center installer thread [#1]] hudson.PluginManager.dynamicLoad Attempting to dynamic load /home/lucifer/.jenkins/plugins/sonar.jpi
16-Aug-2018 13:51:10.590 INFO [Update center installer thread [#1]] hudson.model.DownloadService$Downloadable.load Obtained the updated data file for hudson.plugins.sonar.MsBuildSonarQubeRunnerInstaller
16-Aug-2018 13:51:10.801 INFO [Update center installer thread [#1]] hudson.model.DownloadService$Downloadable.load Obtained the updated data file for hudson.plugins.sonar.SonarRunnerInstaller
16-Aug-2018 13:51:10.866 INFO [pool-18-thread-1] jenkins.InitReactorRunner$1.onAttained Started initialization
16-Aug-2018 13:51:10.868 INFO [pool-18-thread-2] jenkins.InitReactorRunner$1.onAttained Listed all plugins
16-Aug-2018 13:51:10.868 INFO [pool-18-thread-2] jenkins.InitReactorRunner$1.onAttained Prepared all plugins
16-Aug-2018 13:51:10.868 INFO [pool-18-thread-2] jenkins.InitReactorRunner$1.onAttained Started all plugins
16-Aug-2018 13:51:10.868 INFO [pool-18-thread-2] jenkins.InitReactorRunner$1.onAttained Augmented all extensions
16-Aug-2018 13:51:10.868 INFO [pool-18-thread-2] jenkins.InitReactorRunner$1.onAttained Loaded all jobs
16-Aug-2018 13:51:10.905 INFO [pool-18-thread-1] jenkins.InitReactorRunner$1.onAttained Completed initialization
16-Aug-2018 13:51:10.941 INFO [Update center installer thread [#1]] hudson.PluginManager.dynamicLoad Plugin sonar:2.8 dynamically installed
16-Aug-2018 13:51:10.945 INFO [Update center installer thread [#1]] hudson.model.UpdateCenter$DownloadJob.run Installation successful: SonarQube Scanner
